<?xml version="1.0" encoding="UTF-8"?>
<!-- Generated by org.testng.reporters.JUnitReportReporter -->
<testsuite hostname="LAPTOP-H9QJJESB" failures="0" tests="3" name="com.app.TDD.demo.TestPopulationSearch" time="0.010" errors="0" timestamp="2023-11-20T13:18:09 IST" skipped="0">
  <testcase classname="com.app.TDD.demo.TestPopulationSearch" name="findpopulation" time="0.008"/>
  <system-out/>
  <testcase classname="com.app.TDD.demo.TestPopulationSearch" name="findpopulationEmptyInput" time="0.000"/>
  <system-out/>
  <testcase classname="com.app.TDD.demo.TestPopulationSearch" name="findpopulationInvalidInput" time="0.002"/>
  <system-out/>
</testsuite> <!-- com.app.TDD.demo.TestPopulationSearch -->
