<?xml version="1.0" encoding="UTF-8"?>
<!-- Generated by org.testng.reporters.JUnitReportReporter -->
<testsuite hostname="LAPTOP-H9QJJESB" failures="0" tests="1" name="com.app.TDD.demo.TestUsernameFeature" time="0.012" errors="0" timestamp="2023-11-20T11:31:14 IST" skipped="0">
  <testcase classname="com.app.TDD.demo.TestUsernameFeature" name="UsernameTest" time="0.012"/>
  <system-out/>
</testsuite> <!-- com.app.TDD.demo.TestUsernameFeature -->
