<?xml version="1.0" encoding="UTF-8"?>
<!-- Generated by org.testng.reporters.JUnitReportReporter -->
<testsuite hostname="LAPTOP-H9QJJESB" failures="0" tests="3" name="restassuredscripts.Script007HamcrestValidateMethods" time="8.136" errors="0" timestamp="2023-12-18T21:35:07 IST" skipped="0">
  <testcase classname="restassuredscripts.Script007HamcrestValidateMethods" name="ValidateResponseBody" time="4.587"/>
  <system-out/>
  <testcase classname="restassuredscripts.Script007HamcrestValidateMethods" name="ValidateResponseBody_equalTo" time="1.597"/>
  <system-out/>
  <testcase classname="restassuredscripts.Script007HamcrestValidateMethods" name="ValidateResponseBody_hasItems" time="1.952"/>
  <system-out/>
</testsuite> <!-- restassuredscripts.Script007HamcrestValidateMethods -->
