<?xml version="1.0" encoding="UTF-8"?>
<!-- Generated by org.testng.reporters.JUnitReportReporter -->
<testsuite hostname="LAPTOP-H9QJJESB" failures="0" tests="2" name="restassuredscripts.Script009PayPalOauth2" time="5.088" errors="0" timestamp="2023-12-19T16:07:07 IST" skipped="0">
  <testcase classname="restassuredscripts.Script009PayPalOauth2" name="GetAccessToken" time="4.564"/>
  <system-out/>
  <testcase classname="restassuredscripts.Script009PayPalOauth2" name="paypalTestInvoiceAPI" time="0.524"/>
  <system-out/>
</testsuite> <!-- restassuredscripts.Script009PayPalOauth2 -->
