<?xml version="1.0" encoding="UTF-8"?>
<!-- Generated by org.testng.reporters.JUnitReportReporter -->
<testsuite hostname="LAPTOP-H9QJJESB" failures="0" tests="1" name="restassuredscripts.Script004PayloadJSON" time="4.860" errors="0" timestamp="2023-12-18T15:35:38 IST" skipped="0">
  <testcase classname="restassuredscripts.Script004PayloadJSON" name="PostUsingJSON" time="4.860"/>
  <system-out/>
</testsuite> <!-- restassuredscripts.Script004PayloadJSON -->
