<?xml version="1.0" encoding="UTF-8"?>
<!-- Generated by org.testng.reporters.JUnitReportReporter -->
<testsuite hostname="LAPTOP-H9QJJESB" failures="0" tests="1" name="restassuredscripts.Script001SetupCheck" time="1.738" errors="0" timestamp="2023-12-15T10:44:29 IST" skipped="0">
  <testcase classname="restassuredscripts.Script001SetupCheck" name="setupCheck" time="1.738"/>
  <system-out/>
</testsuite> <!-- restassuredscripts.Script001SetupCheck -->
