<?xml version="1.0" encoding="UTF-8"?>
<!-- Generated by org.testng.reporters.JUnitReportReporter -->
<testsuite hostname="LAPTOP-H9QJJESB" failures="0" tests="1" name="restassuredscripts.Script005PayloadXML" time="4.987" errors="0" timestamp="2023-12-18T16:11:37 IST" skipped="0">
  <testcase classname="restassuredscripts.Script005PayloadXML" name="payloadXML" time="4.987"/>
  <system-out/>
</testsuite> <!-- restassuredscripts.Script005PayloadXML -->
