<?xml version="1.0" encoding="UTF-8"?>
<!-- Generated by org.testng.reporters.JUnitReportReporter -->
<testsuite hostname="LAPTOP-H9QJJESB" failures="0" tests="3" name="restassuredscripts.Script006PostmanAPIKey" time="8.510" errors="0" timestamp="2023-12-18T20:30:04 IST" skipped="0">
  <testcase classname="restassuredscripts.Script006PostmanAPIKey" name="postmangetReq" time="3.811"/>
  <system-out/>
  <testcase classname="restassuredscripts.Script006PostmanAPIKey" name="extract_value_response" time="2.685"/>
  <system-out/>
  <testcase classname="restassuredscripts.Script006PostmanAPIKey" name="extract_response_JSONPath" time="2.014"/>
  <system-out/>
</testsuite> <!-- restassuredscripts.Script006PostmanAPIKey -->
