<?xml version="1.0" encoding="UTF-8"?>
<!-- Generated by org.testng.reporters.JUnitReportReporter -->
<testsuite hostname="LAPTOP-H9QJJESB" failures="0" tests="2" name="restassuredscripts.Script008GitHubBearerToken" time="3.072" errors="0" timestamp="2023-12-19T00:19:08 IST" skipped="0">
  <testcase classname="restassuredscripts.Script008GitHubBearerToken" name="Authorization_bearertoken" time="2.685"/>
  <system-out/>
  <testcase classname="restassuredscripts.Script008GitHubBearerToken" name="Authorization_bearertoken_specificRepo" time="0.387"/>
  <system-out/>
</testsuite> <!-- restassuredscripts.Script008GitHubBearerToken -->
