<?xml version="1.0" encoding="UTF-8"?>
<!-- Generated by org.testng.reporters.JUnitReportReporter -->
<testsuite hostname="LAPTOP-H9QJJESB" failures="0" tests="1" name="restassuredscripts.Script012_SSLAuthentication" time="2.978" errors="0" timestamp="2023-12-19T21:23:36 IST" skipped="0">
  <testcase classname="restassuredscripts.Script012_SSLAuthentication" name="SSL_Authentication" time="2.978"/>
  <system-out/>
</testsuite> <!-- restassuredscripts.Script012_SSLAuthentication -->
