<?xml version="1.0" encoding="UTF-8"?>
<!-- Generated by org.testng.reporters.JUnitReportReporter -->
<testsuite hostname="LAPTOP-H9QJJESB" failures="0" tests="1" name="restassuredscripts.Script003PostMethod" time="2.947" errors="0" timestamp="2023-12-15T20:33:52 IST" skipped="0">
  <testcase classname="restassuredscripts.Script003PostMethod" name="postMethod" time="2.947"/>
  <system-out/>
</testsuite> <!-- restassuredscripts.Script003PostMethod -->
